<?xml version="1.0" encoding="UTF-8"?>
<!-- Generated by org.testng.reporters.JUnitXMLReporter -->
<testsuite hostname="kobirs-MBP.home" ignored="0" name="Command line test" tests="4" failures="0" timestamp="27 Nov 2018 17:14:10 GMT" time="0.034" errors="0">
  <testcase name="div" time="0.006" classname="qa.com.tests.DemoTest"/>
  <testcase name="mul" time="0.001" classname="qa.com.tests.DemoTest"/>
  <testcase name="sub" time="0.001" classname="qa.com.tests.DemoTest"/>
  <testcase name="sum" time="0.0" classname="qa.com.tests.DemoTest"/>
</testsuite> <!-- Command line test -->
