<?xml version="1.0" encoding="UTF-8"?>
<testng-results skipped="0" failed="0" ignored="0" total="4" passed="4">
  <reporter-output>
  </reporter-output>
  <suite name="qa.com.tests.DemoTest" duration-ms="34" started-at="2018-11-27T17:14:10Z" finished-at="2018-11-27T17:14:10Z">
    <groups>
    </groups>
    <test name="Command line test" duration-ms="34" started-at="2018-11-27T17:14:10Z" finished-at="2018-11-27T17:14:10Z">
      <class name="qa.com.tests.DemoTest">
        <test-method status="PASS" signature="div()[pri:0, instance:qa.com.tests.DemoTest@2d6e8792]" name="div" duration-ms="6" started-at="2018-11-27T17:14:10Z" finished-at="2018-11-27T17:14:10Z">
          <reporter-output>
          </reporter-output>
        </test-method> <!-- div -->
        <test-method status="PASS" signature="mul()[pri:0, instance:qa.com.tests.DemoTest@2d6e8792]" name="mul" duration-ms="1" started-at="2018-11-27T17:14:10Z" finished-at="2018-11-27T17:14:10Z">
          <reporter-output>
          </reporter-output>
        </test-method> <!-- mul -->
        <test-method status="PASS" signature="sub()[pri:0, instance:qa.com.tests.DemoTest@2d6e8792]" name="sub" duration-ms="1" started-at="2018-11-27T17:14:10Z" finished-at="2018-11-27T17:14:10Z">
          <reporter-output>
          </reporter-output>
        </test-method> <!-- sub -->
        <test-method status="PASS" signature="sum()[pri:0, instance:qa.com.tests.DemoTest@2d6e8792]" name="sum" duration-ms="0" started-at="2018-11-27T17:14:10Z" finished-at="2018-11-27T17:14:10Z">
          <reporter-output>
          </reporter-output>
        </test-method> <!-- sum -->
      </class> <!-- qa.com.tests.DemoTest -->
    </test> <!-- Command line test -->
  </suite> <!-- qa.com.tests.DemoTest -->
</testng-results>
