<?xml version="1.0" encoding="UTF-8"?>
<testng-results skipped="0" failed="0" ignored="0" total="4" passed="4">
  <reporter-output>
  </reporter-output>
  <suite name="Default suite" duration-ms="55" started-at="2018-11-27T16:39:35Z" finished-at="2018-11-27T16:39:35Z">
    <groups>
    </groups>
    <test name="Default test" duration-ms="55" started-at="2018-11-27T16:39:35Z" finished-at="2018-11-27T16:39:35Z">
      <class name="qa.com.tests.DemoTest">
        <test-method status="PASS" signature="div()[pri:0, instance:qa.com.tests.DemoTest@6767c1fc]" name="div" duration-ms="14" started-at="2018-11-27T16:39:35Z" finished-at="2018-11-27T16:39:35Z">
          <reporter-output>
          </reporter-output>
        </test-method> <!-- div -->
        <test-method status="PASS" signature="mul()[pri:0, instance:qa.com.tests.DemoTest@6767c1fc]" name="mul" duration-ms="2" started-at="2018-11-27T16:39:35Z" finished-at="2018-11-27T16:39:35Z">
          <reporter-output>
          </reporter-output>
        </test-method> <!-- mul -->
        <test-method status="PASS" signature="sub()[pri:0, instance:qa.com.tests.DemoTest@6767c1fc]" name="sub" duration-ms="1" started-at="2018-11-27T16:39:35Z" finished-at="2018-11-27T16:39:35Z">
          <reporter-output>
          </reporter-output>
        </test-method> <!-- sub -->
        <test-method status="PASS" signature="sum()[pri:0, instance:qa.com.tests.DemoTest@6767c1fc]" name="sum" duration-ms="1" started-at="2018-11-27T16:39:35Z" finished-at="2018-11-27T16:39:35Z">
          <reporter-output>
          </reporter-output>
        </test-method> <!-- sum -->
      </class> <!-- qa.com.tests.DemoTest -->
    </test> <!-- Default test -->
  </suite> <!-- Default suite -->
</testng-results>
